<?xml version="1.0" encoding="UTF-8"?>
<testng-results ignored="0" total="1" passed="1" failed="0" skipped="0">
  <reporter-output>
  </reporter-output>
  <suite started-at="2022-10-11T09:55:55 IST" name="Default suite" finished-at="2022-10-11T09:55:55 IST" duration-ms="32">
    <groups>
    </groups>
    <test started-at="2022-10-11T09:55:55 IST" name="Default test" finished-at="2022-10-11T09:55:55 IST" duration-ms="32">
      <class name="testNG.TestNGClass">
        <test-method is-config="true" signature="beforeClass()[pri:0, instance:testNG.TestNGClass@29d89d5d]" started-at="2022-10-11T09:55:55 IST" name="beforeClass" finished-at="2022-10-11T09:55:55 IST" duration-ms="5" status="PASS">
          <reporter-output>
          </reporter-output>
        </test-method> <!-- beforeClass -->
        <test-method is-config="true" signature="beforeMethod()[pri:0, instance:testNG.TestNGClass@29d89d5d]" started-at="2022-10-11T09:55:55 IST" name="beforeMethod" finished-at="2022-10-11T09:55:55 IST" duration-ms="0" status="PASS">
          <reporter-output>
          </reporter-output>
        </test-method> <!-- beforeMethod -->
        <test-method signature="test()[pri:0, instance:testNG.TestNGClass@29d89d5d]" started-at="2022-10-11T09:55:55 IST" name="test" finished-at="2022-10-11T09:55:55 IST" duration-ms="3" status="PASS">
          <reporter-output>
          </reporter-output>
        </test-method> <!-- test -->
        <test-method is-config="true" signature="afterMethod()[pri:0, instance:testNG.TestNGClass@29d89d5d]" started-at="2022-10-11T09:55:55 IST" name="afterMethod" finished-at="2022-10-11T09:55:55 IST" duration-ms="0" status="PASS">
          <reporter-output>
          </reporter-output>
        </test-method> <!-- afterMethod -->
        <test-method is-config="true" signature="afterClass()[pri:0, instance:testNG.TestNGClass@29d89d5d]" started-at="2022-10-11T09:55:55 IST" name="afterClass" finished-at="2022-10-11T09:55:55 IST" duration-ms="0" status="PASS">
          <reporter-output>
          </reporter-output>
        </test-method> <!-- afterClass -->
      </class> <!-- testNG.TestNGClass -->
    </test> <!-- Default test -->
  </suite> <!-- Default suite -->
</testng-results>
